<?xml version="1.0" encoding="UTF-8"?>
<!-- Generated by org.testng.reporters.JUnitReportReporter -->
<testsuite hostname="DESKTOP-8A85IIM" failures="0" tests="1" name="com.qa.testcase.Hovercase" time="9.546" errors="0" timestamp="10 Aug 2020 18:56:20 GMT" skipped="0">
  <testcase classname="com.qa.testcase.Hovercase" name="check" time="9.546"/>
</testsuite> <!-- com.qa.testcase.Hovercase -->
